TN:
SF:/media/okritvik/NSSD/foxy_ws/src/MARIO-COM/mario_com/test/main.cpp
FN:28,main
FNDA:1,main
FNF:1
FNH:1
DA:28,1
DA:29,1
DA:30,1
DA:31,1
DA:32,1
DA:33,1
LF:6
LH:6
end_of_record
TN:
SF:/media/okritvik/NSSD/foxy_ws/src/MARIO-COM/mario_com/test/manipulation_test.cpp
FN:37,_ZN41TaskManipulation_test_num_publishers_Test8TestBodyEv
FN:37,_ZN41TaskManipulation_test_num_publishers_TestC2Ev
FNDA:1,_ZN41TaskManipulation_test_num_publishers_TestC2Ev
FNDA:1,_ZN41TaskManipulation_test_num_publishers_Test8TestBodyEv
FNF:2
FNH:2
DA:37,2
DA:38,1
DA:39,1
DA:40,3
DA:42,1
DA:43,1
DA:44,1
LF:7
LH:7
end_of_record
TN:
SF:/media/okritvik/NSSD/foxy_ws/src/MARIO-COM/mario_com/test/navigation_test.cpp
FN:38,_ZN39TaskNavigation_test_num_publishers_TestC2Ev
FN:38,_ZN39TaskNavigation_test_num_publishers_Test8TestBodyEv
FNDA:1,_ZN39TaskNavigation_test_num_publishers_TestC2Ev
FNDA:1,_ZN39TaskNavigation_test_num_publishers_Test8TestBodyEv
FNF:2
FNH:2
DA:38,2
DA:39,1
DA:40,1
DA:41,3
DA:43,1
DA:44,1
DA:45,1
LF:7
LH:7
end_of_record
TN:
SF:/media/okritvik/NSSD/foxy_ws/src/MARIO-COM/mario_com/test/perception_test.cpp
FN:37,_ZN39TaskPerception_test_num_publishers_Test8TestBodyEv
FN:37,_ZN39TaskPerception_test_num_publishers_TestC2Ev
FNDA:1,_ZN39TaskPerception_test_num_publishers_Test8TestBodyEv
FNDA:1,_ZN39TaskPerception_test_num_publishers_TestC2Ev
FNF:2
FNH:2
DA:37,2
DA:38,1
DA:39,1
DA:40,3
DA:42,1
DA:43,1
DA:44,1
LF:7
LH:7
end_of_record
