TN:
SF:/media/okritvik/NSSD/foxy_ws/src/MARIO-COM/mario_com/test/main.cpp
FN:28,main
FNDA:1,main
FNF:1
FNH:1
DA:28,1
DA:29,1
DA:30,1
DA:31,1
DA:32,1
DA:33,1
LF:6
LH:6
end_of_record
TN:
SF:/media/okritvik/NSSD/foxy_ws/src/MARIO-COM/mario_com/test/manipulation_test.cpp
FN:37,_ZN41TaskManipulation_test_num_publishers_Test8TestBodyEv
FN:37,_ZN41TaskManipulation_test_num_publishers_TestC2Ev
FNDA:1,_ZN41TaskManipulation_test_num_publishers_TestC2Ev
FNDA:1,_ZN41TaskManipulation_test_num_publishers_Test8TestBodyEv
FNF:2
FNH:2
DA:37,2
DA:38,1
DA:39,1
DA:40,3
DA:42,1
DA:43,1
DA:44,1
LF:7
LH:7
end_of_record
TN:
SF:/media/okritvik/NSSD/foxy_ws/src/MARIO-COM/mario_com/test/navigation_test.cpp
FN:46,_ZN14TaskNavigation8callbackEv
FN:61,_ZN36TaskNavigation_test_search_bins_TestC2Ev
FN:61,_ZN36TaskNavigation_test_search_bins_Test8TestBodyEv
FNDA:1,_ZN36TaskNavigation_test_search_bins_TestC2Ev
FNDA:0,_ZN14TaskNavigation8callbackEv
FNDA:1,_ZN36TaskNavigation_test_search_bins_Test8TestBodyEv
FNF:3
FNH:2
DA:46,0
DA:47,0
DA:48,0
DA:49,0
DA:51,0
DA:52,0
DA:53,0
DA:54,0
DA:55,0
DA:56,0
DA:57,0
DA:58,0
DA:59,0
DA:61,2
DA:62,1
DA:63,1
DA:65,1
DA:66,2
DA:68,2
DA:69,3
DA:70,1
DA:71,1
DA:72,1
DA:73,1
DA:74,1
DA:75,1
DA:76,1
DA:77,1
DA:78,1
DA:79,1
DA:80,1
DA:81,1
DA:82,1
DA:83,1
LF:34
LH:21
end_of_record
TN:
SF:/media/okritvik/NSSD/foxy_ws/src/MARIO-COM/mario_com/test/perception_test.cpp
FN:37,_ZN39TaskPerception_test_num_publishers_TestC2Ev
FN:37,_ZN39TaskPerception_test_num_publishers_Test8TestBodyEv
FNDA:1,_ZN39TaskPerception_test_num_publishers_TestC2Ev
FNDA:1,_ZN39TaskPerception_test_num_publishers_Test8TestBodyEv
FNF:2
FNH:2
DA:37,2
DA:38,1
DA:39,1
DA:40,3
DA:42,1
DA:43,1
DA:44,1
LF:7
LH:7
end_of_record
